Arguments: 
  /Users/bytedance/.nvm/versions/node/v10.11.0/bin/node /usr/local/Cellar/yarn/1.3.2/libexec/bin/yarn.js add reflect-metadata

PATH: 
  /Users/bytedance/.nvm/versions/node/v10.11.0/bin:/Users/bytedance/bin:/usr/local/bin:/usr/local/bin:/usr/bin:/bin:/usr/sbin:/sbin:/usr/local/go/bin:/Users/bytedance/bin:/Users/bytedance/go/bin:/Users/bytedance/anaconda3/bin:/Users/bytedance/go/bin:/Users/bytedance/anaconda3/bin:/usr/bin:/usr/sbin:/usr/local/bin

Yarn version: 
  1.3.2

Node version: 
  10.11.0

Platform: 
  darwin x64

npm manifest: 
  {
    "name": "weconveh",
    "version": "0.0.1",
    "description": "",
    "author": "liangyuyi <liangyuyi@bytedance.com>",
    "preferGlobal": true,
    "bin": {
      "lw-test": "bin/lw-test"
    },
    "keywords": [
      "cli"
    ],
    "license": "MIT",
    "scripts": {
      "test": "npm run lint && npm run e2e",
      "lint": "eslint test/e2e/test*.js lib bin/* --env mocha",
      "e2e": "rimraf test/e2e/mock-template-build && mocha test/e2e/test.js --slow 1000"
    },
    "dependencies": {
      "@babel/generator": "^7.1.3",
      "@babel/parser": "^7.1.3",
      "@babel/traverse": "^7.1.4",
      "@babel/types": "^7.1.3",
      "@types/babel__traverse": "^7.0.0",
      "async": "^2.4.0",
      "chalk": "^2.1.0",
      "commander": "^2.9.0",
      "consolidate": "^0.14.0",
      "download-git-repo": "^1.0.1",
      "handlebars": "^4.0.5",
      "inquirer": "^3.3.0",
      "metalsmith": "^2.1.0",
      "minimatch": "^3.0.0",
      "multimatch": "^2.1.0",
      "ora": "^1.3.0",
      "prettier": "^1.14.3",
      "read-metadata": "^1.0.0",
      "request": "^2.67.0",
      "rimraf": "^2.5.0",
      "semver": "^5.1.0",
      "strip-ansi": "^5.0.0",
      "tildify": "^1.2.0",
      "uid": "0.0.2",
      "user-home": "^2.0.0",
      "validate-npm-package-name": "^3.0.0",
      "villa": "^0.3.1"
    },
    "devDependencies": {
      "@types/babel__generator": "^7.0.0",
      "@types/jest": "^23.3.2",
      "@types/node": "^10.10.0",
      "@types/prettier": "^1.13.2",
      "chai": "^4.1.2",
      "eslint": "^3.19.0",
      "execa": "^0.8.0",
      "jest": "^23.6.0",
      "mocha": "^3.5.3",
      "ts-jest": "^23.1.4",
      "tslint": "^5.11.0",
      "tslint-microsoft-contrib": "^5.2.1",
      "typedoc": "^0.12.0",
      "typescript": "^3.0.3"
    },
    "engines": {
      "node": ">=6.0.0"
    }
  }

yarn manifest: 
  No manifest

Lockfile: 
  No lockfile

Trace: 
  Error: ENOENT: no such file or directory, copyfile '/Users/bytedance/Library/Caches/Yarn/v1/npm-ms-2.1.1-30a5864eb3ebb0a66f2ebe6d727af06a09d86e0a/license.md' -> '/Users/bytedance/weconveh/node_modules/@babel/traverse/node_modules/ms/license.md'
